Determining if the pthread_create exist failed with the following output:
Change Dir: /home/summer/eshaan/logitech_ws/build/eve_msgs/CMakeFiles/CMakeTmp

Run Build Command:"/usr/bin/make" "cmTC_cbefb/fast"
/usr/bin/make -f CMakeFiles/cmTC_cbefb.dir/build.make CMakeFiles/cmTC_cbefb.dir/build
make[1]: Entering directory '/home/summer/eshaan/logitech_ws/build/eve_msgs/CMakeFiles/CMakeTmp'
Building C object CMakeFiles/cmTC_cbefb.dir/CheckSymbolExists.c.o
/usr/bin/cc    -o CMakeFiles/cmTC_cbefb.dir/CheckSymbolExists.c.o   -c /home/summer/eshaan/logitech_ws/build/eve_msgs/CMakeFiles/CMakeTmp/CheckSymbolExists.c
Linking C executable cmTC_cbefb
/usr/bin/cmake -E cmake_link_script CMakeFiles/cmTC_cbefb.dir/link.txt --verbose=1
/usr/bin/cc      -rdynamic CMakeFiles/cmTC_cbefb.dir/CheckSymbolExists.c.o  -o cmTC_cbefb 
CMakeFiles/cmTC_cbefb.dir/CheckSymbolExists.c.o: In function `main':
CheckSymbolExists.c:(.text+0x1b): undefined reference to `pthread_create'
collect2: error: ld returned 1 exit status
CMakeFiles/cmTC_cbefb.dir/build.make:97: recipe for target 'cmTC_cbefb' failed
make[1]: *** [cmTC_cbefb] Error 1
make[1]: Leaving directory '/home/summer/eshaan/logitech_ws/build/eve_msgs/CMakeFiles/CMakeTmp'
Makefile:126: recipe for target 'cmTC_cbefb/fast' failed
make: *** [cmTC_cbefb/fast] Error 2

File /home/summer/eshaan/logitech_ws/build/eve_msgs/CMakeFiles/CMakeTmp/CheckSymbolExists.c:
/* */
#include <pthread.h>

int main(int argc, char** argv)
{
  (void)argv;
#ifndef pthread_create
  return ((int*)(&pthread_create))[argc];
#else
  (void)argc;
  return 0;
#endif
}

Determining if the function pthread_create exists in the pthreads failed with the following output:
Change Dir: /home/summer/eshaan/logitech_ws/build/eve_msgs/CMakeFiles/CMakeTmp

Run Build Command:"/usr/bin/make" "cmTC_e1255/fast"
/usr/bin/make -f CMakeFiles/cmTC_e1255.dir/build.make CMakeFiles/cmTC_e1255.dir/build
make[1]: Entering directory '/home/summer/eshaan/logitech_ws/build/eve_msgs/CMakeFiles/CMakeTmp'
Building C object CMakeFiles/cmTC_e1255.dir/CheckFunctionExists.c.o
/usr/bin/cc   -DCHECK_FUNCTION_EXISTS=pthread_create   -o CMakeFiles/cmTC_e1255.dir/CheckFunctionExists.c.o   -c /usr/share/cmake-3.10/Modules/CheckFunctionExists.c
Linking C executable cmTC_e1255
/usr/bin/cmake -E cmake_link_script CMakeFiles/cmTC_e1255.dir/link.txt --verbose=1
/usr/bin/cc  -DCHECK_FUNCTION_EXISTS=pthread_create    -rdynamic CMakeFiles/cmTC_e1255.dir/CheckFunctionExists.c.o  -o cmTC_e1255 -lpthreads 
/usr/bin/ld: cannot find -lpthreads
collect2: error: ld returned 1 exit status
CMakeFiles/cmTC_e1255.dir/build.make:97: recipe for target 'cmTC_e1255' failed
make[1]: *** [cmTC_e1255] Error 1
make[1]: Leaving directory '/home/summer/eshaan/logitech_ws/build/eve_msgs/CMakeFiles/CMakeTmp'
Makefile:126: recipe for target 'cmTC_e1255/fast' failed
make: *** [cmTC_e1255/fast] Error 2


