Symlinking /home/summer/eshaan/logitech_ws/devel/share/roseus/ros/eve_msgs/manifest.l
Symlinking /home/summer/eshaan/logitech_ws/devel/share/roseus/ros/eve_msgs/msg/Status.l
Symlinking /home/summer/eshaan/logitech_ws/devel/share/roseus/ros/eve_msgs/msg/Brake.l
Symlinking /home/summer/eshaan/logitech_ws/devel/share/roseus/ros/eve_msgs/msg/Control.l
Symlinking /home/summer/eshaan/logitech_ws/devel/share/roseus/ros/eve_msgs/msg/Acceleration.l
Symlinking /home/summer/eshaan/logitech_ws/devel/share/roseus/ros/eve_msgs/msg/Steering.l
Symlinking /home/summer/eshaan/logitech_ws/devel/share/roseus/ros/eve_msgs/srv/Gear.l
Symlinking /home/summer/eshaan/logitech_ws/devel/share/roseus/ros/eve_msgs/srv/Headlight.l
Symlinking /home/summer/eshaan/logitech_ws/devel/share/roseus/ros/eve_msgs/srv/Override.l
Symlinking /home/summer/eshaan/logitech_ws/devel/share/roseus/ros/eve_msgs/srv/Horn.l
Symlinking /home/summer/eshaan/logitech_ws/devel/share/roseus/ros/eve_msgs/srv/Wiper.l
Symlinking /home/summer/eshaan/logitech_ws/devel/share/gennodejs/ros/eve_msgs/_index.js
Symlinking /home/summer/eshaan/logitech_ws/devel/share/gennodejs/ros/eve_msgs/msg/Brake.js
Symlinking /home/summer/eshaan/logitech_ws/devel/share/gennodejs/ros/eve_msgs/msg/Status.js
Symlinking /home/summer/eshaan/logitech_ws/devel/share/gennodejs/ros/eve_msgs/msg/Steering.js
Symlinking /home/summer/eshaan/logitech_ws/devel/share/gennodejs/ros/eve_msgs/msg/Acceleration.js
Symlinking /home/summer/eshaan/logitech_ws/devel/share/gennodejs/ros/eve_msgs/msg/Control.js
Symlinking /home/summer/eshaan/logitech_ws/devel/share/gennodejs/ros/eve_msgs/msg/_index.js
Symlinking /home/summer/eshaan/logitech_ws/devel/share/gennodejs/ros/eve_msgs/srv/Gear.js
Symlinking /home/summer/eshaan/logitech_ws/devel/share/gennodejs/ros/eve_msgs/srv/Horn.js
Symlinking /home/summer/eshaan/logitech_ws/devel/share/gennodejs/ros/eve_msgs/srv/Wiper.js
Symlinking /home/summer/eshaan/logitech_ws/devel/share/gennodejs/ros/eve_msgs/srv/Headlight.js
Symlinking /home/summer/eshaan/logitech_ws/devel/share/gennodejs/ros/eve_msgs/srv/Override.js
Symlinking /home/summer/eshaan/logitech_ws/devel/share/gennodejs/ros/eve_msgs/srv/_index.js
Symlinking /home/summer/eshaan/logitech_ws/devel/share/eve_msgs/cmake/eve_msgsConfig-version.cmake
Symlinking /home/summer/eshaan/logitech_ws/devel/share/eve_msgs/cmake/eve_msgs-msg-extras.cmake
Symlinking /home/summer/eshaan/logitech_ws/devel/share/eve_msgs/cmake/eve_msgsConfig.cmake
Symlinking /home/summer/eshaan/logitech_ws/devel/share/eve_msgs/cmake/eve_msgs-msg-paths.cmake
Symlinking /home/summer/eshaan/logitech_ws/devel/share/common-lisp/ros/eve_msgs/msg/_package_Steering.lisp
Symlinking /home/summer/eshaan/logitech_ws/devel/share/common-lisp/ros/eve_msgs/msg/_package_Acceleration.lisp
Symlinking /home/summer/eshaan/logitech_ws/devel/share/common-lisp/ros/eve_msgs/msg/Brake.lisp
Symlinking /home/summer/eshaan/logitech_ws/devel/share/common-lisp/ros/eve_msgs/msg/_package_Control.lisp
Symlinking /home/summer/eshaan/logitech_ws/devel/share/common-lisp/ros/eve_msgs/msg/Acceleration.lisp
Symlinking /home/summer/eshaan/logitech_ws/devel/share/common-lisp/ros/eve_msgs/msg/Steering.lisp
Symlinking /home/summer/eshaan/logitech_ws/devel/share/common-lisp/ros/eve_msgs/msg/_package.lisp
Symlinking /home/summer/eshaan/logitech_ws/devel/share/common-lisp/ros/eve_msgs/msg/_package_Brake.lisp
Symlinking /home/summer/eshaan/logitech_ws/devel/share/common-lisp/ros/eve_msgs/msg/Control.lisp
Symlinking /home/summer/eshaan/logitech_ws/devel/share/common-lisp/ros/eve_msgs/msg/eve_msgs-msg.asd
Symlinking /home/summer/eshaan/logitech_ws/devel/share/common-lisp/ros/eve_msgs/msg/_package_Status.lisp
Symlinking /home/summer/eshaan/logitech_ws/devel/share/common-lisp/ros/eve_msgs/msg/Status.lisp
Symlinking /home/summer/eshaan/logitech_ws/devel/share/common-lisp/ros/eve_msgs/srv/Gear.lisp
Symlinking /home/summer/eshaan/logitech_ws/devel/share/common-lisp/ros/eve_msgs/srv/_package_Wiper.lisp
Symlinking /home/summer/eshaan/logitech_ws/devel/share/common-lisp/ros/eve_msgs/srv/Override.lisp
Symlinking /home/summer/eshaan/logitech_ws/devel/share/common-lisp/ros/eve_msgs/srv/_package_Override.lisp
Symlinking /home/summer/eshaan/logitech_ws/devel/share/common-lisp/ros/eve_msgs/srv/_package_Gear.lisp
Symlinking /home/summer/eshaan/logitech_ws/devel/share/common-lisp/ros/eve_msgs/srv/_package.lisp
Symlinking /home/summer/eshaan/logitech_ws/devel/share/common-lisp/ros/eve_msgs/srv/Headlight.lisp
Symlinking /home/summer/eshaan/logitech_ws/devel/share/common-lisp/ros/eve_msgs/srv/_package_Headlight.lisp
Symlinking /home/summer/eshaan/logitech_ws/devel/share/common-lisp/ros/eve_msgs/srv/_package_Horn.lisp
Symlinking /home/summer/eshaan/logitech_ws/devel/share/common-lisp/ros/eve_msgs/srv/eve_msgs-srv.asd
Symlinking /home/summer/eshaan/logitech_ws/devel/share/common-lisp/ros/eve_msgs/srv/Wiper.lisp
Symlinking /home/summer/eshaan/logitech_ws/devel/share/common-lisp/ros/eve_msgs/srv/Horn.lisp
Symlinking /home/summer/eshaan/logitech_ws/devel/lib/pkgconfig/eve_msgs.pc
Symlinking /home/summer/eshaan/logitech_ws/devel/lib/python2.7/dist-packages/eve_msgs/__init__.py
Symlinking /home/summer/eshaan/logitech_ws/devel/lib/python2.7/dist-packages/eve_msgs/msg/_Status.py
Symlinking /home/summer/eshaan/logitech_ws/devel/lib/python2.7/dist-packages/eve_msgs/msg/__init__.py
Symlinking /home/summer/eshaan/logitech_ws/devel/lib/python2.7/dist-packages/eve_msgs/msg/_Brake.py
Symlinking /home/summer/eshaan/logitech_ws/devel/lib/python2.7/dist-packages/eve_msgs/msg/_Steering.py
Symlinking /home/summer/eshaan/logitech_ws/devel/lib/python2.7/dist-packages/eve_msgs/msg/_Control.py
Symlinking /home/summer/eshaan/logitech_ws/devel/lib/python2.7/dist-packages/eve_msgs/msg/_Acceleration.py
Symlinking /home/summer/eshaan/logitech_ws/devel/lib/python2.7/dist-packages/eve_msgs/srv/_Gear.py
Symlinking /home/summer/eshaan/logitech_ws/devel/lib/python2.7/dist-packages/eve_msgs/srv/_Headlight.py
Symlinking /home/summer/eshaan/logitech_ws/devel/lib/python2.7/dist-packages/eve_msgs/srv/_Override.py
Symlinking /home/summer/eshaan/logitech_ws/devel/lib/python2.7/dist-packages/eve_msgs/srv/__init__.py
Symlinking /home/summer/eshaan/logitech_ws/devel/lib/python2.7/dist-packages/eve_msgs/srv/_Wiper.py
Symlinking /home/summer/eshaan/logitech_ws/devel/lib/python2.7/dist-packages/eve_msgs/srv/_Horn.py
Symlinking /home/summer/eshaan/logitech_ws/devel/include/eve_msgs/Acceleration.h
Symlinking /home/summer/eshaan/logitech_ws/devel/include/eve_msgs/HeadlightResponse.h
Symlinking /home/summer/eshaan/logitech_ws/devel/include/eve_msgs/HornRequest.h
Symlinking /home/summer/eshaan/logitech_ws/devel/include/eve_msgs/Gear.h
Symlinking /home/summer/eshaan/logitech_ws/devel/include/eve_msgs/WiperRequest.h
Symlinking /home/summer/eshaan/logitech_ws/devel/include/eve_msgs/Steering.h
Symlinking /home/summer/eshaan/logitech_ws/devel/include/eve_msgs/Headlight.h
Symlinking /home/summer/eshaan/logitech_ws/devel/include/eve_msgs/OverrideResponse.h
Symlinking /home/summer/eshaan/logitech_ws/devel/include/eve_msgs/HeadlightRequest.h
Symlinking /home/summer/eshaan/logitech_ws/devel/include/eve_msgs/Status.h
Symlinking /home/summer/eshaan/logitech_ws/devel/include/eve_msgs/HornResponse.h
Symlinking /home/summer/eshaan/logitech_ws/devel/include/eve_msgs/GearResponse.h
Symlinking /home/summer/eshaan/logitech_ws/devel/include/eve_msgs/Wiper.h
Symlinking /home/summer/eshaan/logitech_ws/devel/include/eve_msgs/Override.h
Symlinking /home/summer/eshaan/logitech_ws/devel/include/eve_msgs/OverrideRequest.h
Symlinking /home/summer/eshaan/logitech_ws/devel/include/eve_msgs/Horn.h
Symlinking /home/summer/eshaan/logitech_ws/devel/include/eve_msgs/Control.h
Symlinking /home/summer/eshaan/logitech_ws/devel/include/eve_msgs/Brake.h
Symlinking /home/summer/eshaan/logitech_ws/devel/include/eve_msgs/WiperResponse.h
Symlinking /home/summer/eshaan/logitech_ws/devel/include/eve_msgs/GearRequest.h
