[35m[1mScanning dependencies of target _eve_msgs_generate_messages_check_deps_Horn[0m
[35m[1mScanning dependencies of target _eve_msgs_generate_messages_check_deps_Control[0m
[35m[1mScanning dependencies of target _eve_msgs_generate_messages_check_deps_Status[0m
[35m[1mScanning dependencies of target _eve_msgs_generate_messages_check_deps_Steering[0m
[35m[1mScanning dependencies of target _eve_msgs_generate_messages_check_deps_Override[0m
[35m[1mScanning dependencies of target std_msgs_generate_messages_py[0m
[35m[1mScanning dependencies of target std_msgs_generate_messages_lisp[0m
[35m[1mScanning dependencies of target _eve_msgs_generate_messages_check_deps_Wiper[0m
[35m[1mScanning dependencies of target _eve_msgs_generate_messages_check_deps_Acceleration[0m
[35m[1mScanning dependencies of target _eve_msgs_generate_messages_check_deps_Headlight[0m
[35m[1mScanning dependencies of target _eve_msgs_generate_messages_check_deps_Brake[0m
[35m[1mScanning dependencies of target _eve_msgs_generate_messages_check_deps_Gear[0m
[35m[1mScanning dependencies of target std_msgs_generate_messages_cpp[0m
[35m[1mScanning dependencies of target std_msgs_generate_messages_eus[0m
[35m[1mScanning dependencies of target std_msgs_generate_messages_nodejs[0m
[  0%] Built target std_msgs_generate_messages_py
[  0%] Built target std_msgs_generate_messages_lisp
[  0%] Built target std_msgs_generate_messages_nodejs
[  0%] Built target std_msgs_generate_messages_eus
[  0%] Built target std_msgs_generate_messages_cpp
[  0%] Built target _eve_msgs_generate_messages_check_deps_Steering
[  0%] Built target _eve_msgs_generate_messages_check_deps_Headlight
[  0%] Built target _eve_msgs_generate_messages_check_deps_Status
[  0%] Built target _eve_msgs_generate_messages_check_deps_Control
[  0%] Built target _eve_msgs_generate_messages_check_deps_Brake
[  0%] Built target _eve_msgs_generate_messages_check_deps_Horn
[  0%] Built target _eve_msgs_generate_messages_check_deps_Gear
[  0%] Built target _eve_msgs_generate_messages_check_deps_Acceleration
[  0%] Built target _eve_msgs_generate_messages_check_deps_Wiper
[  0%] Built target _eve_msgs_generate_messages_check_deps_Override
[35m[1mScanning dependencies of target eve_msgs_generate_messages_cpp[0m
[35m[1mScanning dependencies of target eve_msgs_generate_messages_py[0m
[35m[1mScanning dependencies of target eve_msgs_generate_messages_lisp[0m
[35m[1mScanning dependencies of target eve_msgs_generate_messages_nodejs[0m
[35m[1mScanning dependencies of target eve_msgs_generate_messages_eus[0m
[  1%] [34m[1mGenerating C++ code from eve_msgs/Acceleration.msg[0m
[  3%] [34m[1mGenerating C++ code from eve_msgs/Control.msg[0m
[  5%] [34m[1mGenerating C++ code from eve_msgs/Status.msg[0m
[  7%] [34m[1mGenerating Python from MSG eve_msgs/Acceleration[0m
[  9%] [34m[1mGenerating C++ code from eve_msgs/Brake.msg[0m
[ 11%] [34m[1mGenerating C++ code from eve_msgs/Steering.msg[0m
[ 13%] [34m[1mGenerating C++ code from eve_msgs/Horn.srv[0m
[ 15%] [34m[1mGenerating Python from MSG eve_msgs/Control[0m
[ 20%] [34m[1mGenerating Python from MSG eve_msgs/Status[0m
[ 20%] [34m[1mGenerating Lisp code from eve_msgs/Status.msg[0m
[ 22%] [34m[1mGenerating Lisp code from eve_msgs/Control.msg[0m
[ 24%] [34m[1mGenerating Python code from SRV eve_msgs/Horn[0m
[ 16%] [34m[1mGenerating Python from MSG eve_msgs/Brake[0m
[ 26%] [34m[1mGenerating Lisp code from eve_msgs/Acceleration.msg[0m
[ 28%] [34m[1mGenerating Javascript code from eve_msgs/Brake.msg[0m
[ 32%] [34m[1mGenerating Lisp code from eve_msgs/Steering.msg[0m
[ 32%] [34m[1mGenerating Python code from SRV eve_msgs/Headlight[0m
[ 39%] [34m[1mGenerating Javascript code from eve_msgs/Acceleration.msg[0m
[ 39%] [34m[1mGenerating Lisp code from eve_msgs/Brake.msg[0m
[ 35%] [34m[1mGenerating Javascript code from eve_msgs/Control.msg[0m
[ 35%] [34m[1mGenerating EusLisp code from eve_msgs/Brake.msg[0m
[ 41%] [34m[1mGenerating C++ code from eve_msgs/Gear.srv[0m
[ 45%] [34m[1mGenerating C++ code from eve_msgs/Headlight.srv[0m
[ 45%] [34m[1mGenerating Python from MSG eve_msgs/Steering[0m
[ 47%] [34m[1mGenerating Python code from SRV eve_msgs/Gear[0m
[ 52%] [34m[1mGenerating Lisp code from eve_msgs/Horn.srv[0m
[ 52%] [34m[1mGenerating Javascript code from eve_msgs/Status.msg[0m
[ 52%] [34m[1mGenerating C++ code from eve_msgs/Wiper.srv[0m
[ 56%] [34m[1mGenerating Python code from SRV eve_msgs/Wiper[0m
[ 56%] [34m[1mGenerating C++ code from eve_msgs/Override.srv[0m
[ 58%] [34m[1mGenerating EusLisp code from eve_msgs/Acceleration.msg[0m
[ 60%] [34m[1mGenerating EusLisp code from eve_msgs/Control.msg[0m
[ 62%] [34m[1mGenerating Python code from SRV eve_msgs/Override[0m
[ 64%] [34m[1mGenerating Lisp code from eve_msgs/Headlight.srv[0m
[ 66%] [34m[1mGenerating Javascript code from eve_msgs/Steering.msg[0m
[ 67%] [34m[1mGenerating Lisp code from eve_msgs/Gear.srv[0m
[ 73%] [34m[1mGenerating Javascript code from eve_msgs/Headlight.srv[0m
[ 73%] [34m[1mGenerating EusLisp code from eve_msgs/Status.msg[0m
[ 73%] [34m[1mGenerating Javascript code from eve_msgs/Horn.srv[0m
[ 75%] [34m[1mGenerating EusLisp code from eve_msgs/Steering.msg[0m
[ 77%] [34m[1mGenerating EusLisp code from eve_msgs/Horn.srv[0m
[ 79%] [34m[1mGenerating Javascript code from eve_msgs/Gear.srv[0m
[ 81%] [34m[1mGenerating Lisp code from eve_msgs/Wiper.srv[0m
[ 83%] [34m[1mGenerating EusLisp code from eve_msgs/Headlight.srv[0m
[ 86%] [34m[1mGenerating Lisp code from eve_msgs/Override.srv[0m
[ 86%] [34m[1mGenerating Javascript code from eve_msgs/Wiper.srv[0m
[ 88%] [34m[1mGenerating EusLisp code from eve_msgs/Gear.srv[0m
[ 90%] [34m[1mGenerating Javascript code from eve_msgs/Override.srv[0m
[ 92%] [34m[1mGenerating EusLisp code from eve_msgs/Wiper.srv[0m
[ 94%] [34m[1mGenerating EusLisp code from eve_msgs/Override.srv[0m
[ 96%] [34m[1mGenerating EusLisp manifest code for eve_msgs[0m
[ 96%] Built target eve_msgs_generate_messages_lisp
[ 96%] Built target eve_msgs_generate_messages_nodejs
[ 96%] Built target eve_msgs_generate_messages_cpp
[ 98%] [34m[1mGenerating Python msg __init__.py for eve_msgs[0m
[100%] [34m[1mGenerating Python srv __init__.py for eve_msgs[0m
[100%] Built target eve_msgs_generate_messages_py
[100%] Built target eve_msgs_generate_messages_eus
[35m[1mScanning dependencies of target eve_msgs_generate_messages[0m
[100%] Built target eve_msgs_generate_messages
